root - DEBUG - Current File 'Commerzbank_2018_EN'
root - DEBUG - 'Scope 1' accuracy of true vs expected values: '1.0
root - DEBUG - 'Scope 2' accuracy of true vs expected values: '1.0
root - DEBUG - 'Scope 3' accuracy of true vs expected values: '1.0
root - DEBUG - Current File 'Commerzbank_2019_EN'
root - DEBUG - 'Scope 1' accuracy of true vs expected values: '1.0
root - DEBUG - 'Scope 2' accuracy of true vs expected values: '1.0
root - DEBUG - 'Scope 3' accuracy of true vs expected values: '1.0
root - DEBUG - Current File 'Commerzbank_2020_EN'
root - DEBUG - 'Scope 1' accuracy of true vs expected values: '1.0
root - DEBUG - 'Scope 2' accuracy of true vs expected values: '1.0
root - DEBUG - 'Scope 3' accuracy of true vs expected values: '1.0
root - DEBUG - Current File 'Commerzbank_2021_EN'
root - DEBUG - 'Scope 1' accuracy of true vs expected values: '1.0
root - DEBUG - 'Scope 2' accuracy of true vs expected values: '1.0
root - DEBUG - 'Scope 3' accuracy of true vs expected values: '0.0
root - DEBUG - Current File 'Commerzbank_2022_EN'
root - DEBUG - 'Scope 1' accuracy of true vs expected values: '1.0
root - DEBUG - 'Scope 2' accuracy of true vs expected values: '0.0
root - DEBUG - 'Scope 3' accuracy of true vs expected values: '1.0
root - DEBUG - Current File 'DekaBank Deutsche Girozentrale_2018_EN'
root - DEBUG - 'Scope 1' accuracy of true vs expected values: '0.0
root - DEBUG - 'Scope 2' accuracy of true vs expected values: '0.0
root - DEBUG - 'Scope 3' accuracy of true vs expected values: '0.0
root - DEBUG - Current File 'DekaBank Deutsche Girozentrale_2019_EN'
root - DEBUG - 'Scope 1' accuracy of true vs expected values: '0.0
root - DEBUG - 'Scope 2' accuracy of true vs expected values: '0.0
root - DEBUG - 'Scope 3' accuracy of true vs expected values: '0.0
root - DEBUG - Current File 'DekaBank Deutsche Girozentrale_2020_EN'
root - DEBUG - 'Scope 1' accuracy of true vs expected values: '0.0
root - DEBUG - 'Scope 2' accuracy of true vs expected values: '0.0
root - DEBUG - 'Scope 3' accuracy of true vs expected values: '0.0
root - DEBUG - Current File 'DekaBank Deutsche Girozentrale_2021_EN'
root - DEBUG - 'Scope 1' accuracy of true vs expected values: '0.0
root - DEBUG - 'Scope 2' accuracy of true vs expected values: '0.0
root - DEBUG - 'Scope 3' accuracy of true vs expected values: '0.0
root - DEBUG - Current File 'DekaBank Deutsche Girozentrale_2022_EN'
root - DEBUG - 'Scope 1' accuracy of true vs expected values: '0.0
root - DEBUG - 'Scope 2' accuracy of true vs expected values: '0.0
root - DEBUG - 'Scope 3' accuracy of true vs expected values: '0.0
root - DEBUG - Current File 'Deutsche Bank_2018_EN'
root - DEBUG - 'Scope 1' accuracy of true vs expected values: '0.6666666666666666
root - DEBUG - 'Scope 2' accuracy of true vs expected values: '0.3333333333333333
root - DEBUG - 'Scope 3' accuracy of true vs expected values: '0.6666666666666666
root - DEBUG - Current File 'Deutsche Bank_2019_EN'
root - DEBUG - 'Scope 1' accuracy of true vs expected values: '0.0
root - DEBUG - 'Scope 2' accuracy of true vs expected values: '0.0
root - DEBUG - 'Scope 3' accuracy of true vs expected values: '0.0
root - DEBUG - Current File 'Deutsche Bank_2020_EN'
root - DEBUG - 'Scope 1' accuracy of true vs expected values: '0.6666666666666666
root - DEBUG - 'Scope 2' accuracy of true vs expected values: '0.6666666666666666
root - DEBUG - 'Scope 3' accuracy of true vs expected values: '0.6666666666666666
root - ERROR - For output: kpiresults_tmp.csv no corresponding true output does exist!
root - DEBUG - Total Accuracy: '0.6815605334836105
root - DEBUG - Scope 1: '0.48717948717948717
root - DEBUG - Scope 2: '0.3846153846153847
root - DEBUG - Scope 3: '0.4102564102564103
root - DEBUG - Comparisons between Expected and True: '13
root - DEBUG - CSV File 'output_evaluate_component\total_accuracy.csv' has been successfully generated!
